[24-Oct-2018 18:09:27 UTC] PHP Parse error:  syntax error, unexpected '<' in /home/ubuntu/workspace/cst336/labs/lab2/index.php on line 10
[25-Oct-2018 05:18:29 UTC] PHP Fatal error:  Call to undefined function displaySymbol() in /home/ubuntu/workspace/cst336/labs/lab2/index.php on line 11
[25-Oct-2018 05:18:29 UTC] PHP Stack trace:
[25-Oct-2018 05:18:29 UTC] PHP   1. {main}() /home/ubuntu/workspace/cst336/labs/lab2/index.php:0
[30-Oct-2018 18:40:07 UTC] PHP Parse error:  syntax error, unexpected '<' in /home/ubuntu/workspace/cst336/labs/lab3/index.php on line 24
[30-Oct-2018 20:32:16 UTC] PHP Fatal error:  Cannot redeclare getImageURLs() (previously declared in /home/ubuntu/workspace/cst336/labs/lab3/api/pixabayAPI.php:4) in /home/ubuntu/workspace/cst336/labs/lab3/api/pixabayAPI.php on line 4
[30-Oct-2018 20:32:16 UTC] PHP Stack trace:
[30-Oct-2018 20:32:16 UTC] PHP   1. {main}() /home/ubuntu/workspace/cst336/labs/lab3/index.php:0
[30-Oct-2018 21:06:58 UTC] PHP Fatal error:  Maximum execution time of 300 seconds exceeded in /home/ubuntu/workspace/cst336/labs/lab3/index.php on line 77
[30-Oct-2018 21:06:58 UTC] PHP Stack trace:
[30-Oct-2018 21:06:58 UTC] PHP   1. {main}() /home/ubuntu/workspace/cst336/labs/lab3/index.php:0
[31-Oct-2018 18:26:49 UTC] PHP Fatal error:  Maximum execution time of 300 seconds exceeded in /home/ubuntu/workspace/cst336/labs/lab3/index.php on line 86
[31-Oct-2018 18:26:49 UTC] PHP Stack trace:
[31-Oct-2018 18:26:49 UTC] PHP   1. {main}() /home/ubuntu/workspace/cst336/labs/lab3/index.php:0
[31-Oct-2018 18:26:49 UTC] PHP   2. count() /home/ubuntu/workspace/cst336/labs/lab3/index.php:86
[31-Oct-2018 18:32:39 UTC] PHP Parse error:  syntax error, unexpected 'carousel' (T_STRING), expecting ',' or ';' in /home/ubuntu/workspace/cst336/labs/lab3/index.php on line 93
[01-Nov-2018 00:46:46 UTC] PHP Fatal error:  Cannot redeclare getImageURLs() (previously declared in /home/ubuntu/workspace/cst336/labs/lab3/api/pixabayAPI.php:4) in /home/ubuntu/workspace/cst336/labs/lab3/api/pixabayAPI.php on line 4
[01-Nov-2018 00:46:46 UTC] PHP Stack trace:
[01-Nov-2018 00:46:46 UTC] PHP   1. {main}() /home/ubuntu/workspace/cst336/labs/lab3/index.php:0
[01-Nov-2018 01:23:01 UTC] PHP Fatal error:  Maximum execution time of 300 seconds exceeded in /home/ubuntu/workspace/cst336/labs/lab3/index.php on line 95
[01-Nov-2018 01:23:01 UTC] PHP Stack trace:
[01-Nov-2018 01:23:01 UTC] PHP   1. {main}() /home/ubuntu/workspace/cst336/labs/lab3/index.php:0
